# JRE version: Java(TM) SE Runtime Environment (8.0_66-b17) (build 1.8.0_66-b17)
# Java VM: Java HotSpot(TM) 64-Bit Server VM (25.66-b17 mixed mode windows-amd64 compressed oops)
Heap:
 PSYoungGen      total 46080K, used 19959K [0x00000000eab00000, 0x00000000eec00000, 0x0000000100000000)
  eden space 39424K, 50% used [0x00000000eab00000,0x00000000ebe7de88,0x00000000ed180000)
  from space 6656K, 0% used [0x00000000ed180000,0x00000000ed180000,0x00000000ed800000)
  to   space 6656K, 0% used [0x00000000ee580000,0x00000000ee580000,0x00000000eec00000)
 ParOldGen       total 50176K, used 19162K [0x00000000c0000000, 0x00000000c3100000, 0x00000000eab00000)
  object space 50176K, 38% used [0x00000000c0000000,0x00000000c12b68f0,0x00000000c3100000)
 Metaspace       used 40033K, capacity 40806K, committed 41088K, reserved 1085440K
  class space    used 5478K, capacity 5638K, committed 5760K, reserved 1048576K
GC Heap History (10 events):
Event: 45.734 GC heap before
{Heap before GC invocations=17 (full 1):
 PSYoungGen      total 33792K, used 33470K [0x00000000eab00000, 0x00000000ed580000, 0x0000000100000000)
  eden space 30208K, 100% used [0x00000000eab00000,0x00000000ec880000,0x00000000ec880000)
  from space 3584K, 91% used [0x00000000ec900000,0x00000000ecc2f850,0x00000000ecc80000)
  to   space 6656K, 0% used [0x00000000ecf00000,0x00000000ecf00000,0x00000000ed580000)
 ParOldGen       total 32256K, used 11690K [0x00000000c0000000, 0x00000000c1f80000, 0x00000000eab00000)
  object space 32256K, 36% used [0x00000000c0000000,0x00000000c0b6a8f8,0x00000000c1f80000)
 Metaspace       used 31628K, capacity 32188K, committed 32512K, reserved 1077248K
  class space    used 4349K, capacity 4493K, committed 4608K, reserved 1048576K
Event: 45.749 GC heap after
Heap after GC invocations=17 (full 1):
 PSYoungGen      total 36864K, used 2065K [0x00000000eab00000, 0x00000000ee280000, 0x0000000100000000)
  eden space 30208K, 0% used [0x00000000eab00000,0x00000000eab00000,0x00000000ec880000)
  from space 6656K, 31% used [0x00000000ecf00000,0x00000000ed1045c0,0x00000000ed580000)
  to   space 6656K, 0% used [0x00000000ec880000,0x00000000ec880000,0x00000000ecf00000)
 ParOldGen       total 32256K, used 13090K [0x00000000c0000000, 0x00000000c1f80000, 0x00000000eab00000)
  object space 32256K, 40% used [0x00000000c0000000,0x00000000c0cc8918,0x00000000c1f80000)
 Metaspace       used 31628K, capacity 32188K, committed 32512K, reserved 1077248K
  class space    used 4349K, capacity 4493K, committed 4608K, reserved 1048576K
}
Event: 47.198 GC heap before
{Heap before GC invocations=18 (full 1):
 PSYoungGen      total 36864K, used 32273K [0x00000000eab00000, 0x00000000ee280000, 0x0000000100000000)
  eden space 30208K, 100% used [0x00000000eab00000,0x00000000ec880000,0x00000000ec880000)
  from space 6656K, 31% used [0x00000000ecf00000,0x00000000ed1045c0,0x00000000ed580000)
  to   space 6656K, 0% used [0x00000000ec880000,0x00000000ec880000,0x00000000ecf00000)
 ParOldGen       total 32256K, used 13090K [0x00000000c0000000, 0x00000000c1f80000, 0x00000000eab00000)
  object space 32256K, 40% used [0x00000000c0000000,0x00000000c0cc8918,0x00000000c1f80000)
 Metaspace       used 33953K, capacity 34534K, committed 34816K, reserved 1079296K
  class space    used 4653K, capacity 4820K, committed 4864K, reserved 1048576K
Event: 47.216 GC heap after
Heap after GC invocations=18 (full 1):
 PSYoungGen      total 36864K, used 3491K [0x00000000eab00000, 0x00000000ede80000, 0x0000000100000000)
  eden space 30208K, 0% used [0x00000000eab00000,0x00000000eab00000,0x00000000ec880000)
  from space 6656K, 52% used [0x00000000ec880000,0x00000000ecbe8c98,0x00000000ecf00000)
  to   space 6656K, 0% used [0x00000000ed800000,0x00000000ed800000,0x00000000ede80000)
 ParOldGen       total 32256K, used 14228K [0x00000000c0000000, 0x00000000c1f80000, 0x00000000eab00000)
  object space 32256K, 44% used [0x00000000c0000000,0x00000000c0de5128,0x00000000c1f80000)
 Metaspace       used 33953K, capacity 34534K, committed 34816K, reserved 1079296K
  class space    used 4653K, capacity 4820K, committed 4864K, reserved 1048576K
}
Event: 48.249 GC heap before
{Heap before GC invocations=19 (full 1):
 PSYoungGen      total 36864K, used 33699K [0x00000000eab00000, 0x00000000ede80000, 0x0000000100000000)
  eden space 30208K, 100% used [0x00000000eab00000,0x00000000ec880000,0x00000000ec880000)
  from space 6656K, 52% used [0x00000000ec880000,0x00000000ecbe8c98,0x00000000ecf00000)
  to   space 6656K, 0% used [0x00000000ed800000,0x00000000ed800000,0x00000000ede80000)
 ParOldGen       total 32256K, used 14228K [0x00000000c0000000, 0x00000000c1f80000, 0x00000000eab00000)
  object space 32256K, 44% used [0x00000000c0000000,0x00000000c0de5128,0x00000000c1f80000)
 Metaspace       used 34433K, capacity 35038K, committed 35072K, reserved 1079296K
  class space    used 4714K, capacity 4859K, committed 4864K, reserved 1048576K
Event: 48.277 GC heap after
Heap after GC invocations=19 (full 1):
 PSYoungGen      total 46080K, used 4147K [0x00000000eab00000, 0x00000000edf80000, 0x0000000100000000)
  eden space 39424K, 0% used [0x00000000eab00000,0x00000000eab00000,0x00000000ed180000)
  from space 6656K, 62% used [0x00000000ed800000,0x00000000edc0ccc8,0x00000000ede80000)
  to   space 6656K, 0% used [0x00000000ed180000,0x00000000ed180000,0x00000000ed800000)
 ParOldGen       total 32256K, used 16072K [0x00000000c0000000, 0x00000000c1f80000, 0x00000000eab00000)
  object space 32256K, 49% used [0x00000000c0000000,0x00000000c0fb20a0,0x00000000c1f80000)
 Metaspace       used 34433K, capacity 35038K, committed 35072K, reserved 1079296K
  class space    used 4714K, capacity 4859K, committed 4864K, reserved 1048576K
}
Event: 48.654 GC heap before
{Heap before GC invocations=20 (full 1):
 PSYoungGen      total 46080K, used 15949K [0x00000000eab00000, 0x00000000edf80000, 0x0000000100000000)
  eden space 39424K, 29% used [0x00000000eab00000,0x00000000eb6867c0,0x00000000ed180000)
  from space 6656K, 62% used [0x00000000ed800000,0x00000000edc0ccc8,0x00000000ede80000)
  to   space 6656K, 0% used [0x00000000ed180000,0x00000000ed180000,0x00000000ed800000)
 ParOldGen       total 32256K, used 16072K [0x00000000c0000000, 0x00000000c1f80000, 0x00000000eab00000)
  object space 32256K, 49% used [0x00000000c0000000,0x00000000c0fb20a0,0x00000000c1f80000)
 Metaspace       used 34733K, capacity 35380K, committed 35496K, reserved 1079296K
  class space    used 4748K, capacity 4913K, committed 4992K, reserved 1048576K
Event: 48.667 GC heap after
Heap after GC invocations=20 (full 1):
 PSYoungGen      total 46080K, used 1212K [0x00000000eab00000, 0x00000000eec00000, 0x0000000100000000)
  eden space 39424K, 0% used [0x00000000eab00000,0x00000000eab00000,0x00000000ed180000)
  from space 6656K, 18% used [0x00000000ed180000,0x00000000ed2af1d0,0x00000000ed800000)
  to   space 6656K, 0% used [0x00000000ee580000,0x00000000ee580000,0x00000000eec00000)
 ParOldGen       total 32256K, used 19835K [0x00000000c0000000, 0x00000000c1f80000, 0x00000000eab00000)
  object space 32256K, 61% used [0x00000000c0000000,0x00000000c135eeb8,0x00000000c1f80000)
 Metaspace       used 34733K, capacity 35380K, committed 35496K, reserved 1079296K
  class space    used 4748K, capacity 4913K, committed 4992K, reserved 1048576K
}
Event: 48.667 GC heap before
{Heap before GC invocations=21 (full 2):
 PSYoungGen      total 46080K, used 1212K [0x00000000eab00000, 0x00000000eec00000, 0x0000000100000000)
  eden space 39424K, 0% used [0x00000000eab00000,0x00000000eab00000,0x00000000ed180000)
  from space 6656K, 18% used [0x00000000ed180000,0x00000000ed2af1d0,0x00000000ed800000)
  to   space 6656K, 0% used [0x00000000ee580000,0x00000000ee580000,0x00000000eec00000)
 ParOldGen       total 32256K, used 19835K [0x00000000c0000000, 0x00000000c1f80000, 0x00000000eab00000)
  object space 32256K, 61% used [0x00000000c0000000,0x00000000c135eeb8,0x00000000c1f80000)
 Metaspace       used 34733K, capacity 35380K, committed 35496K, reserved 1079296K
  class space    used 4748K, capacity 4913K, committed 4992K, reserved 1048576K
Event: 48.872 GC heap after
Heap after GC invocations=21 (full 2):
 PSYoungGen      total 46080K, used 0K [0x00000000eab00000, 0x00000000eec00000, 0x0000000100000000)
  eden space 39424K, 0% used [0x00000000eab00000,0x00000000eab00000,0x00000000ed180000)
  from space 6656K, 0% used [0x00000000ed180000,0x00000000ed180000,0x00000000ed800000)
  to   space 6656K, 0% used [0x00000000ee580000,0x00000000ee580000,0x00000000eec00000)
 ParOldGen       total 50176K, used 19162K [0x00000000c0000000, 0x00000000c3100000, 0x00000000eab00000)
  object space 50176K, 38% used [0x00000000c0000000,0x00000000c12b68f0,0x00000000c3100000)
 Metaspace       used 34733K, capacity 35380K, committed 35496K, reserved 1079296K
  class space    used 4748K, capacity 4913K, committed 4992K, reserved 1048576K
}

